<?xml version="1.0" encoding="UTF-8"?>
<testsuite xmlns:xsi="http://www.w3.org/2001/XMLSchema-instance" xsi:noNamespaceSchemaLocation="https://maven.apache.org/surefire/maven-surefire-plugin/xsd/surefire-test-report.xsd" name="TestSuite" time="1,692.946" tests="7" errors="0" skipped="0" failures="4">
  <properties>
[...]
</properties>
  <testcase name="testCase1001" classname="com.dxc.testcases.GL010_01" time="266.605"/>
  <testcase name="testCase1002" classname="com.dxc.testcases.GL010_02" time="430.648"/>
  <testcase name="testCase1003" classname="com.dxc.testcases.GL010_03" time="204.401">
    <failure message="org.openqa.selenium.TimeoutException: Expected condition failed: waiting for presence of element located by: By.xpath: *//button[contains(@title, &apos;Journal_b571 &apos;) and text()=&apos;Approve&apos;] (tried for 60 second(s) with 500 milliseconds interval)" type="java.lang.AssertionError">java.lang.AssertionError: org.openqa.selenium.TimeoutException: Expected condition failed: waiting for presence of element located by: By.xpath: *//button[contains(@title, 'Journal_b571 ') and text()='Approve'] (tried for 60 second(s) with 500 milliseconds interval)
	at com.dxc.testcases.GL010_03.testCase1003(GL010_03.java:94)
</failure>
    <system-out><![CDATA[Test Script designed and developed by DXC Technology. Confidential Information.
]]></system-out>
    <system-err><![CDATA[Starting ChromeDriver 109.0.5414.74 (e7c5703604daa9cc128ccf5a5d3e993513758913-refs/branch-heads/5414@{#1172}) on port 9788
Only local connections are allowed.
Please see https://chromedriver.chromium.org/security-considerations for suggestions on keeping ChromeDriver safe.
ChromeDriver was started successfully.
Jan 30, 2023 7:30:51 PM org.openqa.selenium.remote.ProtocolHandshake createSession
INFO: Detected dialect: W3C
]]></system-err>
  </testcase>
  <testcase name="testCase1004" classname="com.dxc.testcases.GL010_04" time="106.131">
    <failure message="org.openqa.selenium.TimeoutException: Expected condition failed: waiting for presence of element located by: By.xpath: *//button[contains(@title, &apos;Journal_b571_Copy1 &apos;) and text()=&apos;Reject&apos;] (tried for 60 second(s) with 500 milliseconds interval)" type="java.lang.AssertionError">java.lang.AssertionError: org.openqa.selenium.TimeoutException: Expected condition failed: waiting for presence of element located by: By.xpath: *//button[contains(@title, 'Journal_b571_Copy1 ') and text()='Reject'] (tried for 60 second(s) with 500 milliseconds interval)
	at com.dxc.testcases.GL010_04.testCase1004(GL010_04.java:95)
</failure>
    <system-out><![CDATA[Test Script designed and developed by DXC Technology. Confidential Information.
]]></system-out>
    <system-err><![CDATA[Starting ChromeDriver 109.0.5414.74 (e7c5703604daa9cc128ccf5a5d3e993513758913-refs/branch-heads/5414@{#1172}) on port 15599
Only local connections are allowed.
Please see https://chromedriver.chromium.org/security-considerations for suggestions on keeping ChromeDriver safe.
ChromeDriver was started successfully.
Jan 30, 2023 7:34:10 PM org.openqa.selenium.remote.ProtocolHandshake createSession
INFO: Detected dialect: W3C
]]></system-err>
  </testcase>
  <testcase name="testCase1006" classname="com.dxc.testcases.GL010_06" time="303.42">
    <failure message="org.openqa.selenium.TimeoutException: Expected condition failed: waiting for visibility of element located by By.xpath: *//a[text()=&apos;Journal_571&apos;] (tried for 60 second(s) with 500 milliseconds interval)" type="java.lang.AssertionError">java.lang.AssertionError: org.openqa.selenium.TimeoutException: Expected condition failed: waiting for visibility of element located by By.xpath: *//a[text()='Journal_571'] (tried for 60 second(s) with 500 milliseconds interval)
	at com.dxc.testcases.GL010_06.testCase1006(GL010_06.java:115)
</failure>
    <system-out><![CDATA[Test Script designed and developed by DXC Technology. Confidential Information.
]]></system-out>
    <system-err><![CDATA[Starting ChromeDriver 109.0.5414.74 (e7c5703604daa9cc128ccf5a5d3e993513758913-refs/branch-heads/5414@{#1172}) on port 24417
Only local connections are allowed.
Please see https://chromedriver.chromium.org/security-considerations for suggestions on keeping ChromeDriver safe.
ChromeDriver was started successfully.
Jan 30, 2023 7:35:57 PM org.openqa.selenium.remote.ProtocolHandshake createSession
INFO: Detected dialect: W3C
]]></system-err>
  </testcase>
  <testcase name="testCase2001" classname="com.dxc.testcases.GL020_01" time="287.311"/>
  <testcase name="testCase2002" classname="com.dxc.testcases.GL020_02" time="93.247">
    <failure message="org.openqa.selenium.ElementClickInterceptedException: element click intercepted: Element &lt;a href=&quot;#&quot; onclick=&quot;this.focus();return false&quot; class=&quot;xre&quot; role=&quot;button&quot;&gt;...&lt;/a&gt; is not clickable at point (252, 268). Other element would receive the click: &lt;span class=&quot;af_column_label-text&quot;&gt;...&lt;/span&gt;&#10;  (Session info: chrome=109.0.5414.120)&#10;Build info: version: &apos;3.141.59&apos;, revision: &apos;e82be7d358&apos;, time: &apos;2018-11-14T08:17:03&apos;&#10;System info: host: &apos;US-PF2004MS&apos;, ip: &apos;192.168.74.254&apos;, os.name: &apos;Windows 10&apos;, os.arch: &apos;amd64&apos;, os.version: &apos;10.0&apos;, java.version: &apos;11.0.16.1&apos;&#10;Driver info: org.openqa.selenium.chrome.ChromeDriver&#10;Capabilities {acceptInsecureCerts: false, browserName: chrome, browserVersion: 109.0.5414.120, chrome: {chromedriverVersion: 109.0.5414.74 (e7c5703604da..., userDataDir: C:\Program Files (x86)\scop...}, goog:chromeOptions: {debuggerAddress: localhost:59121}, javascriptEnabled: true, networkConnectionEnabled: false, pageLoadStrategy: normal, platform: WINDOWS, platformName: WINDOWS, proxy: Proxy(), setWindowRect: true, strictFileInteractability: false, timeouts: {implicit: 0, pageLoad: 300000, script: 30000}, unhandledPromptBehavior: dismiss and notify, webauthn:extension:credBlob: true, webauthn:extension:largeBlob: true, webauthn:virtualAuthenticators: true}&#10;Session ID: 4e9f8175055e622471091276978d80ff" type="java.lang.AssertionError"><![CDATA[java.lang.AssertionError: 
org.openqa.selenium.ElementClickInterceptedException: element click intercepted: Element <a href="#" onclick="this.focus();return false" class="xre" role="button">...</a> is not clickable at point (252, 268). Other element would receive the click: <span class="af_column_label-text">...</span>
  (Session info: chrome=109.0.5414.120)
Build info: version: '3.141.59', revision: 'e82be7d358', time: '2018-11-14T08:17:03'
System info: host: 'US-PF2004MS', ip: '192.168.74.254', os.name: 'Windows 10', os.arch: 'amd64', os.version: '10.0', java.version: '11.0.16.1'
Driver info: org.openqa.selenium.chrome.ChromeDriver
Capabilities {acceptInsecureCerts: false, browserName: chrome, browserVersion: 109.0.5414.120, chrome: {chromedriverVersion: 109.0.5414.74 (e7c5703604da..., userDataDir: C:\Program Files (x86)\scop...}, goog:chromeOptions: {debuggerAddress: localhost:59121}, javascriptEnabled: true, networkConnectionEnabled: false, pageLoadStrategy: normal, platform: WINDOWS, platformName: WINDOWS, proxy: Proxy(), setWindowRect: true, strictFileInteractability: false, timeouts: {implicit: 0, pageLoad: 300000, script: 30000}, unhandledPromptBehavior: dismiss and notify, webauthn:extension:credBlob: true, webauthn:extension:largeBlob: true, webauthn:virtualAuthenticators: true}
Session ID: 4e9f8175055e622471091276978d80ff
	at com.dxc.testcases.GL020_02.testCase2002(GL020_02.java:101)
]]></failure>
    <system-out><![CDATA[Test Script designed and developed by DXC Technology. Confidential Information.
]]></system-out>
    <system-err><![CDATA[Starting ChromeDriver 109.0.5414.74 (e7c5703604daa9cc128ccf5a5d3e993513758913-refs/branch-heads/5414@{#1172}) on port 4728
Only local connections are allowed.
Please see https://chromedriver.chromium.org/security-considerations for suggestions on keeping ChromeDriver safe.
ChromeDriver was started successfully.
Jan 30, 2023 7:45:48 PM org.openqa.selenium.remote.ProtocolHandshake createSession
INFO: Detected dialect: W3C
]]></system-err>
  </testcase>
</testsuite>