<?xml version="1.0" encoding="UTF-8"?>
<testng-results ignored="0" total="1" passed="1" failed="0" skipped="0">
  <reporter-output>
  </reporter-output>
  <suite started-at="2023-01-12T13:46:18 IST" name="Default suite" finished-at="2023-01-12T13:49:49 IST" duration-ms="211171">
    <groups>
    </groups>
    <test started-at="2023-01-12T13:46:18 IST" name="Default test" finished-at="2023-01-12T13:49:49 IST" duration-ms="211171">
      <class name="com.dxc.testcases.GL020_02">
        <test-method signature="testCase2002()[pri:0, instance:com.dxc.testcases.GL020_02@611889f4]" started-at="2023-01-12T13:46:18 IST" name="testCase2002" finished-at="2023-01-12T13:49:49 IST" duration-ms="211083" status="PASS">
          <reporter-output>
          </reporter-output>
        </test-method> <!-- testCase2002 -->
      </class> <!-- com.dxc.testcases.GL020_02 -->
    </test> <!-- Default test -->
  </suite> <!-- Default suite -->
</testng-results>
