<?xml version="1.0" encoding="UTF-8"?>
<!-- Generated by org.testng.reporters.JUnitXMLReporter -->
<testsuite ignored="0" hostname="IN-5CG016FL10" failures="0" tests="9" name="Test" time="1960.558" errors="0" timestamp="2021-06-25T17:41:56 IST">
  <testcase classname="com.dxc.testcases.GL010_01" name="testCase1001" time="205.413"/>
  <testcase classname="com.dxc.testcases.GL010_02" name="testCase1002" time="258.438"/>
  <testcase classname="com.dxc.testcases.GL010_03" name="testCase1003" time="129.686"/>
  <testcase classname="com.dxc.testcases.GL010_04" name="testCase1004" time="99.457"/>
  <testcase classname="com.dxc.testcases.GL010_05" name="testCase1005" time="276.131"/>
  <testcase classname="com.dxc.testcases.GL010_06" name="testCase1006" time="297.937"/>
  <testcase classname="com.dxc.testcases.GL010_07" name="testCase1007" time="165.72"/>
  <testcase classname="com.dxc.testcases.GL020_01" name="testCase2001" time="337.082"/>
  <testcase classname="com.dxc.testcases.GL020_02" name="testCase2002" time="190.616"/>
</testsuite> <!-- Test -->
